2018-05-20 18:22:04,103 - BrowserEngine - INFO - You had select IE browser.
2018-05-20 18:22:04,103 - BrowserEngine - INFO - The test server url is: http://localhost/Agileone12/
2018-05-20 18:22:05,662 - BrowserEngine - INFO - Starting IE browser.
2018-05-20 18:22:06,096 - BrowserEngine - INFO - Open url: http://localhost/Agileone12/
2018-05-20 18:22:06,109 - BrowserEngine - INFO - Maximize the current window.
2018-05-20 18:22:06,123 - BrowserEngine - INFO - Set implicitly wait 10 seconds.
2018-05-20 18:22:08,339 - BasePage - INFO - Had find the element '  ' successful by id via value: username 
2018-05-20 18:22:08,704 - BasePage - INFO - Had type ' admin ' in inputBox
2018-05-20 18:22:08,885 - BasePage - INFO - Had find the element '  ' successful by id via value: password 
2018-05-20 18:22:09,276 - BasePage - INFO - Had type ' 123456 ' in inputBox
2018-05-20 18:22:09,426 - BasePage - INFO - Had find the element '  ' successful by id via value: login 
2018-05-20 18:22:09,752 - BasePage - INFO - The element '  ' was clicked.
2018-05-20 18:22:14,957 - BasePage - INFO - Had take screenshot and save to folder : /screenshots
2018-05-20 18:22:15,126 - BasePage - INFO - Had find the element ' ≥ˆ¥Ì¿≤: √‹¬Î ‰»Î¥ÌŒÛ ... ' successful by xpath via value: //*[@id="msg"] 
2018-05-20 18:22:15,319 - BasePage - INFO - Get the element ' ≥ˆ¥Ì¿≤: √‹¬Î ‰»Î¥ÌŒÛ ... ' text.
2018-05-20 18:22:15,487 - BasePage - INFO - Had find the element '  ' successful by id via value: username 
2018-05-20 18:22:15,859 - BasePage - INFO - Had type ' admin ' in inputBox
2018-05-20 18:22:16,002 - BasePage - INFO - Had find the element '  ' successful by id via value: password 
2018-05-20 18:22:16,346 - BasePage - INFO - Had type ' admin ' in inputBox
2018-05-20 18:22:16,490 - BasePage - INFO - Had find the element '  ' successful by id via value: login 
2018-05-20 18:22:16,807 - BasePage - INFO - The element '  ' was clicked.
2018-05-20 18:22:22,039 - BasePage - INFO - Had take screenshot and save to folder : /screenshots
2018-05-20 18:22:37,146 - BasePage - ERROR - NoSuchElementException: Message: Unable to find element with xpath == //*[@id="msg"]

2018-05-20 18:22:37,246 - BasePage - INFO - Had take screenshot and save to folder : /screenshots
