2018-05-19 15:30:41,413 - BrowserEngine - INFO - You had select IE browser.
2018-05-19 15:30:41,413 - BrowserEngine - INFO - The test server url is: http://localhost/Agileone12/
2018-05-19 15:30:42,705 - BrowserEngine - INFO - Starting IE browser.
2018-05-19 15:30:42,950 - BrowserEngine - INFO - Open url: http://localhost/Agileone12/
2018-05-19 15:30:42,964 - BrowserEngine - INFO - Maximize the current window.
2018-05-19 15:30:42,979 - BrowserEngine - INFO - Set implicitly wait 10 seconds.
2018-05-19 15:30:48,170 - BasePage - INFO - Had find the element '  ' successful by id via value: username 
2018-05-19 15:30:48,571 - BasePage - INFO - Had type ' admin ' in inputBox
2018-05-19 15:30:48,714 - BasePage - INFO - Had find the element '  ' successful by id via value: username 
2018-05-19 15:30:49,048 - BasePage - INFO - Had type ' admin ' in inputBox
2018-05-19 15:30:49,162 - BasePage - INFO - Had find the element '  ' successful by id via value: username 
2018-05-19 15:30:49,500 - BasePage - INFO - Had type ' admin ' in inputBox
2018-05-19 15:30:49,637 - BasePage - INFO - Had find the element '  ' successful by id via value: username 
2018-05-19 15:30:49,949 - BasePage - INFO - Had type ' admin ' in inputBox
2018-05-19 15:30:50,095 - BasePage - INFO - Had find the element '  ' successful by id via value: username 
2018-05-19 15:30:50,421 - BasePage - INFO - Had type ' admin ' in inputBox
2018-05-19 15:30:50,559 - BasePage - INFO - Had find the element '  ' successful by id via value: username 
2018-05-19 15:30:50,934 - BasePage - INFO - Had type ' admin ' in inputBox
2018-05-19 15:30:51,074 - BasePage - INFO - Had find the element '  ' successful by id via value: username 
2018-05-19 15:30:51,407 - BasePage - INFO - Had type ' admin ' in inputBox
2018-05-19 15:30:51,537 - BasePage - INFO - Had find the element '  ' successful by id via value: username 
2018-05-19 15:30:51,834 - BasePage - INFO - Had type ' admin ' in inputBox
2018-05-19 15:30:51,983 - BasePage - INFO - Had find the element '  ' successful by id via value: username 
2018-05-19 15:30:52,299 - BasePage - INFO - Had type ' admin ' in inputBox
2018-05-19 15:30:52,430 - BasePage - INFO - Had find the element '  ' successful by id via value: username 
2018-05-19 15:30:52,722 - BasePage - INFO - Had type ' admin ' in inputBox
2018-05-19 15:30:52,859 - BasePage - INFO - Had find the element '  ' successful by id via value: username 
2018-05-19 15:30:53,180 - BasePage - INFO - Had type ' admin ' in inputBox
2018-05-19 15:30:53,308 - BasePage - INFO - Had find the element '  ' successful by id via value: username 
2018-05-19 15:30:53,607 - BasePage - INFO - Had type ' admin ' in inputBox
2018-05-19 15:30:53,738 - BasePage - INFO - Had find the element '  ' successful by id via value: username 
2018-05-19 15:30:54,045 - BasePage - INFO - Had type ' admin ' in inputBox
2018-05-19 15:30:54,210 - BasePage - INFO - Had find the element '  ' successful by id via value: username 
2018-05-19 15:30:54,529 - BasePage - INFO - Had type ' admin ' in inputBox
2018-05-19 15:30:54,656 - BasePage - INFO - Had find the element '  ' successful by id via value: username 
2018-05-19 15:30:54,964 - BasePage - INFO - Had type ' admin ' in inputBox
2018-05-19 15:30:55,080 - BasePage - INFO - Had find the element '  ' successful by id via value: username 
2018-05-19 15:30:55,410 - BasePage - INFO - Had type ' admin ' in inputBox
2018-05-19 15:30:55,552 - BasePage - INFO - Had find the element '  ' successful by id via value: username 
2018-05-19 15:30:55,887 - BasePage - INFO - Had type ' admin ' in inputBox
2018-05-19 15:30:56,037 - BasePage - INFO - Had find the element '  ' successful by id via value: username 
2018-05-19 15:30:56,353 - BasePage - INFO - Had type ' admin ' in inputBox
2018-05-19 15:30:56,496 - BasePage - INFO - Had find the element '  ' successful by id via value: username 
2018-05-19 15:30:56,845 - BasePage - INFO - Had type ' admin ' in inputBox
2018-05-19 15:30:56,965 - BasePage - INFO - Had find the element '  ' successful by id via value: username 
2018-05-19 15:30:57,316 - BasePage - INFO - Had type ' admin ' in inputBox
2018-05-19 15:30:57,434 - BasePage - INFO - Had find the element '  ' successful by id via value: username 
2018-05-19 15:30:57,785 - BasePage - INFO - Had type ' admin ' in inputBox
2018-05-19 15:30:57,916 - BasePage - INFO - Had find the element '  ' successful by id via value: username 
2018-05-19 15:30:58,241 - BasePage - INFO - Had type ' admin ' in inputBox
2018-05-19 15:30:58,375 - BasePage - INFO - Had find the element '  ' successful by id via value: username 
2018-05-19 15:30:58,701 - BasePage - INFO - Had type ' admin ' in inputBox
2018-05-19 15:30:58,846 - BasePage - INFO - Had find the element '  ' successful by id via value: username 
2018-05-19 15:30:59,208 - BasePage - INFO - Had type ' admin ' in inputBox
2018-05-19 15:30:59,352 - BasePage - INFO - Had find the element '  ' successful by id via value: username 
2018-05-19 15:30:59,709 - BasePage - INFO - Had type ' admin ' in inputBox
2018-05-19 15:30:59,843 - BasePage - INFO - Had find the element '  ' successful by id via value: username 
2018-05-19 15:31:00,141 - BasePage - INFO - Had type ' admin ' in inputBox
2018-05-19 15:31:00,279 - BasePage - INFO - Had find the element '  ' successful by id via value: username 
2018-05-19 15:31:00,634 - BasePage - INFO - Had type ' admin ' in inputBox
2018-05-19 15:31:00,785 - BasePage - INFO - Had find the element '  ' successful by id via value: username 
2018-05-19 15:31:01,132 - BasePage - INFO - Had type ' admin ' in inputBox
2018-05-19 15:31:01,263 - BasePage - INFO - Had find the element '  ' successful by id via value: username 
2018-05-19 15:31:01,605 - BasePage - INFO - Had type ' admin ' in inputBox
2018-05-19 15:31:01,753 - BasePage - INFO - Had find the element '  ' successful by id via value: username 
2018-05-19 15:31:02,110 - BasePage - INFO - Had type ' admin ' in inputBox
2018-05-19 15:31:02,251 - BasePage - INFO - Had find the element '  ' successful by id via value: username 
2018-05-19 15:31:02,582 - BasePage - INFO - Had type ' admin ' in inputBox
2018-05-19 15:31:02,702 - BasePage - INFO - Had find the element '  ' successful by id via value: username 
2018-05-19 15:31:03,034 - BasePage - INFO - Had type ' admin ' in inputBox
2018-05-19 15:31:03,176 - BasePage - INFO - Had find the element '  ' successful by id via value: username 
2018-05-19 15:31:03,507 - BasePage - INFO - Had type ' admin ' in inputBox
2018-05-19 15:31:03,636 - BasePage - INFO - Had find the element '  ' successful by id via value: username 
2018-05-19 15:31:03,974 - BasePage - INFO - Had type ' admin ' in inputBox
2018-05-19 15:31:04,094 - BasePage - INFO - Had find the element '  ' successful by id via value: username 
2018-05-19 15:31:04,454 - BasePage - INFO - Had type ' admin ' in inputBox
2018-05-19 15:31:04,596 - BasePage - INFO - Had find the element '  ' successful by id via value: username 
2018-05-19 15:31:04,920 - BasePage - INFO - Had type ' admin ' in inputBox
2018-05-19 15:31:05,084 - BasePage - INFO - Had find the element '  ' successful by id via value: username 
2018-05-19 15:31:05,419 - BasePage - INFO - Had type ' admin ' in inputBox
2018-05-19 15:31:05,559 - BasePage - INFO - Had find the element '  ' successful by id via value: username 
2018-05-19 15:31:05,901 - BasePage - INFO - Had type ' admin ' in inputBox
2018-05-19 15:31:06,026 - BasePage - INFO - Had find the element '  ' successful by id via value: username 
2018-05-19 15:31:06,353 - BasePage - INFO - Had type ' admin ' in inputBox
2018-05-19 15:31:06,472 - BasePage - INFO - Had find the element '  ' successful by id via value: username 
2018-05-19 15:31:06,815 - BasePage - INFO - Had type ' admin ' in inputBox
2018-05-19 15:31:06,934 - BasePage - INFO - Had find the element '  ' successful by id via value: username 
2018-05-19 15:31:07,272 - BasePage - INFO - Had type ' admin ' in inputBox
2018-05-19 15:31:07,400 - BasePage - INFO - Had find the element '  ' successful by id via value: username 
2018-05-19 15:31:07,729 - BasePage - INFO - Had type ' admin ' in inputBox
2018-05-19 15:31:07,868 - BasePage - INFO - Had find the element '  ' successful by id via value: username 
2018-05-19 15:31:08,213 - BasePage - INFO - Had type ' admin ' in inputBox
2018-05-19 15:31:08,355 - BasePage - INFO - Had find the element '  ' successful by id via value: username 
2018-05-19 15:31:08,692 - BasePage - INFO - Had type ' admin ' in inputBox
2018-05-19 15:31:08,816 - BasePage - INFO - Had find the element '  ' successful by id via value: username 
2018-05-19 15:31:09,145 - BasePage - INFO - Had type ' admin ' in inputBox
2018-05-19 15:31:09,269 - BasePage - INFO - Had find the element '  ' successful by id via value: username 
2018-05-19 15:31:09,598 - BasePage - INFO - Had type ' admin ' in inputBox
2018-05-19 15:31:09,716 - BasePage - INFO - Had find the element '  ' successful by id via value: username 
2018-05-19 15:31:10,052 - BasePage - INFO - Had type ' admin ' in inputBox
2018-05-19 15:31:10,174 - BasePage - INFO - Had find the element '  ' successful by id via value: username 
2018-05-19 15:31:10,487 - BasePage - INFO - Had type ' admin ' in inputBox
2018-05-19 15:31:10,635 - BasePage - INFO - Had find the element '  ' successful by id via value: username 
2018-05-19 15:31:10,970 - BasePage - INFO - Had type ' admin ' in inputBox
2018-05-19 15:31:11,126 - BasePage - INFO - Had find the element '  ' successful by id via value: username 
2018-05-19 15:31:11,497 - BasePage - INFO - Had type ' admin ' in inputBox
2018-05-19 15:31:11,629 - BasePage - INFO - Had find the element '  ' successful by id via value: username 
2018-05-19 15:31:11,967 - BasePage - INFO - Had type ' admin ' in inputBox
2018-05-19 15:31:12,098 - BasePage - INFO - Had find the element '  ' successful by id via value: username 
2018-05-19 15:31:12,446 - BasePage - INFO - Had type ' admin ' in inputBox
2018-05-19 15:31:12,592 - BasePage - INFO - Had find the element '  ' successful by id via value: username 
2018-05-19 15:31:12,927 - BasePage - INFO - Had type ' admin ' in inputBox
2018-05-19 15:31:13,047 - BasePage - INFO - Had find the element '  ' successful by id via value: username 
2018-05-19 15:31:13,378 - BasePage - INFO - Had type ' admin ' in inputBox
2018-05-19 15:31:13,502 - BasePage - INFO - Had find the element '  ' successful by id via value: username 
2018-05-19 15:31:13,837 - BasePage - INFO - Had type ' admin ' in inputBox
2018-05-19 15:31:13,957 - BasePage - INFO - Had find the element '  ' successful by id via value: username 
2018-05-19 15:31:14,357 - BasePage - INFO - Had type ' admin ' in inputBox
2018-05-19 15:31:14,490 - BasePage - INFO - Had find the element '  ' successful by id via value: username 
2018-05-19 15:31:14,861 - BasePage - INFO - Had type ' admin ' in inputBox
2018-05-19 15:31:14,974 - BasePage - INFO - Had find the element '  ' successful by id via value: username 
2018-05-19 15:31:15,320 - BasePage - INFO - Had type ' admin ' in inputBox
2018-05-19 15:31:15,434 - BasePage - INFO - Had find the element '  ' successful by id via value: username 
2018-05-19 15:31:15,767 - BasePage - INFO - Had type ' admin ' in inputBox
2018-05-19 15:31:15,881 - BasePage - INFO - Had find the element '  ' successful by id via value: username 
2018-05-19 15:31:16,228 - BasePage - INFO - Had type ' admin ' in inputBox
2018-05-19 15:31:16,355 - BasePage - INFO - Had find the element '  ' successful by id via value: username 
2018-05-19 15:31:16,699 - BasePage - INFO - Had type ' admin ' in inputBox
2018-05-19 15:31:16,836 - BasePage - INFO - Had find the element '  ' successful by id via value: username 
2018-05-19 15:31:17,174 - BasePage - INFO - Had type ' admin ' in inputBox
2018-05-19 15:31:17,299 - BasePage - INFO - Had find the element '  ' successful by id via value: username 
2018-05-19 15:31:17,627 - BasePage - INFO - Had type ' admin ' in inputBox
2018-05-19 15:31:17,781 - BasePage - INFO - Had find the element '  ' successful by id via value: username 
2018-05-19 15:31:18,137 - BasePage - INFO - Had type ' admin ' in inputBox
2018-05-19 15:31:18,257 - BasePage - INFO - Had find the element '  ' successful by id via value: username 
2018-05-19 15:31:18,581 - BasePage - INFO - Had type ' admin ' in inputBox
2018-05-19 15:31:18,715 - BasePage - INFO - Had find the element '  ' successful by id via value: username 
2018-05-19 15:31:19,074 - BasePage - INFO - Had type ' admin ' in inputBox
2018-05-19 15:31:19,199 - BasePage - INFO - Had find the element '  ' successful by id via value: username 
2018-05-19 15:31:19,537 - BasePage - INFO - Had type ' admin ' in inputBox
2018-05-19 15:31:19,674 - BasePage - INFO - Had find the element '  ' successful by id via value: username 
2018-05-19 15:31:20,067 - BasePage - INFO - Had type ' admin ' in inputBox
2018-05-19 15:31:20,241 - BasePage - INFO - Had find the element '  ' successful by id via value: username 
2018-05-19 15:31:20,594 - BasePage - INFO - Had type ' admin ' in inputBox
2018-05-19 15:31:20,766 - BasePage - INFO - Had find the element '  ' successful by id via value: username 
2018-05-19 15:31:21,087 - BasePage - INFO - Had type ' admin ' in inputBox
2018-05-19 15:31:21,231 - BasePage - INFO - Had find the element '  ' successful by id via value: username 
2018-05-19 15:31:21,547 - BasePage - INFO - Had type ' admin ' in inputBox
2018-05-19 15:31:21,656 - BasePage - INFO - Had find the element '  ' successful by id via value: username 
2018-05-19 15:31:21,962 - BasePage - INFO - Had type ' admin ' in inputBox
2018-05-19 15:31:22,073 - BasePage - INFO - Had find the element '  ' successful by id via value: username 
2018-05-19 15:31:22,410 - BasePage - INFO - Had type ' admin ' in inputBox
2018-05-19 15:31:22,534 - BasePage - INFO - Had find the element '  ' successful by id via value: username 
